[9772]  LandscapeDNDC 1.32.1 (revision 10436)  2021-08-03 14:20
[9772]  Thu Aug 12 12:30:37 W. Europe Daylight Time 2021
[9772]  running on host "UNKNOWN_HOSTNAME"
[  ] {0-03-01 00:00:00} ==== project "KE_Kapiti_eddy.ldndc" ====
[  ] {0-03-01 00:00:00} running crabmeat library version 0.12.0 (8095)
[  ] {2006-01-01 00:00:00} clk=2006-01-01-01/24->2020-12-31-01  clock=63298281600  dt=3600
[II] {LandscapeDNDC ModelCompositor<0> 2006-01-01 00:00:00} seeing 1 models
[II] {MoBiLE Legacy MasterControlProgram<0> 2006-01-01 00:00:00} Using MoBiLE section "/mobile"
[II] {MoBiLE Legacy MasterControlProgram<0> 2006-01-01 00:00:00} seeing 12 MoBiLE module(s)
[II] {2006-01-01 00:00:00} STRATUM 1:
[II] {2006-01-01 00:00:00} Soil hydraulic conductivity of stratum 1 not initialized, estimated value: 0.002 [cm min-1]
[II] {2006-01-01 00:00:00} Porosity of stratum 1 not initialized, estimated value (without stones): 46.7006 [%]
[II] {2006-01-01 00:00:00} Van-Genuchten parameter n of stratum 1 not initialized, estimated value: 1.23 [-]
[II] {2006-01-01 00:00:00} Van-Genuchten parameter alpha of stratum 1 not initialized, estimated value is 2.7 [m-1]
[II] {2006-01-01 00:00:00} Maximum water filled pore space of stratum 1 not initialized, estimated value is 0.97637
[II] {2006-01-01 00:00:00} Minimum water filled pore space of stratum 1 not initialized, estimated value is 0.543411
[II] {2006-01-01 00:00:00} Field capacity in stratum 1 is 0.2755 [m3 m-3]
[II] {2006-01-01 00:00:00} Wilting point in stratum 1 is 0.057 [m3 m-3]
[II] {2006-01-01 00:00:00} Minimum water filled pore space exceeded wilting point in stratum 1. Minimum water filled pore space changed to: 0.128478 [m3 m-3]
[II] {2006-01-01 00:00:00} STRATUM 2:
[II] {2006-01-01 00:00:00} Soil hydraulic conductivity of stratum 2 not initialized, estimated value: 0.001 [cm min-1]
[II] {2006-01-01 00:00:00} Porosity of stratum 2 not initialized, estimated value (without stones): 44.724 [%]
[II] {2006-01-01 00:00:00} Van-Genuchten parameter n of stratum 2 not initialized, estimated value: 1.31 [-]
[II] {2006-01-01 00:00:00} Van-Genuchten parameter alpha of stratum 2 not initialized, estimated value is 1.9 [m-1]
[II] {2006-01-01 00:00:00} Maximum water filled pore space of stratum 2 not initialized, estimated value is 0.990117
[II] {2006-01-01 00:00:00} Minimum water filled pore space of stratum 2 not initialized, estimated value is 0.582081
[II] {2006-01-01 00:00:00} Field capacity in stratum 2 is 0.31065 [m3 m-3]
[II] {2006-01-01 00:00:00} Wilting point in stratum 2 is 0.1026 [m3 m-3]
[II] {2006-01-01 00:00:00} Minimum water filled pore space exceeded wilting point in stratum 2. Minimum water filled pore space changed to: 0.241481 [m3 m-3]
[II] {2006-01-01 00:00:00} STRATUM 3:
[II] {2006-01-01 00:00:00} Soil hydraulic conductivity of stratum 3 not initialized, estimated value: 0.001 [cm min-1]
[II] {2006-01-01 00:00:00} Porosity of stratum 3 not initialized, estimated value (without stones): 44.3517 [%]
[II] {2006-01-01 00:00:00} Van-Genuchten parameter n of stratum 3 not initialized, estimated value: 1.31 [-]
[II] {2006-01-01 00:00:00} Van-Genuchten parameter alpha of stratum 3 not initialized, estimated value is 1.9 [m-1]
[II] {2006-01-01 00:00:00} Maximum water filled pore space of stratum 3 not initialized, estimated value is 0.996558
[II] {2006-01-01 00:00:00} Minimum water filled pore space of stratum 3 not initialized, estimated value is 0.610462
[II] {2006-01-01 00:00:00} Field capacity in stratum 3 is 0.3439 [m3 m-3]
[II] {2006-01-01 00:00:00} Wilting point in stratum 3 is 0.1767 [m3 m-3]
[II] {2006-01-01 00:00:00} Minimum water filled pore space exceeded wilting point in stratum 3. Minimum water filled pore space changed to: 0.419375 [m3 m-3]
[WW] {Physiology GrowthPSIM<0> 2009-09-27 23:00:00} Loss of structural carbon of species in Physiology GrowthPSIM due to reserve limits. [species=ANGA]
[WW] {Physiology GrowthPSIM<0> 2009-09-28 23:00:00} Loss of structural carbon of species in Physiology GrowthPSIM due to reserve limits. [species=ANGA]
[WW] {Physiology GrowthPSIM<0> 2015-10-05 23:00:00} Loss of structural carbon of species in Physiology GrowthPSIM due to reserve limits. [species=ANGA]
[WW] {Physiology GrowthPSIM<0> 2015-10-06 23:00:00} Loss of structural carbon of species in Physiology GrowthPSIM due to reserve limits. [species=ANGA]
[WW] {Physiology GrowthPSIM<0> 2016-09-27 23:00:00} Loss of structural carbon of species in Physiology GrowthPSIM due to reserve limits. [species=ANGA]
[WW] {Physiology GrowthPSIM<0> 2016-09-28 23:00:00} Loss of structural carbon of species in Physiology GrowthPSIM due to reserve limits. [species=ANGA]
[WW] {Physiology GrowthPSIM<0> 2017-03-13 23:00:00} Loss of structural carbon of species in Physiology GrowthPSIM due to reserve limits. [species=ANGA]
[WW] {Physiology GrowthPSIM<0> 2017-03-14 23:00:00} Loss of structural carbon of species in Physiology GrowthPSIM due to reserve limits. [species=ANGA]
[WW] {Physiology GrowthPSIM<0> 2020-10-12 23:00:00} Loss of structural carbon of species in Physiology GrowthPSIM due to reserve limits. [species=ANGA]
[WW] {Physiology GrowthPSIM<0> 2020-10-13 23:00:00} Loss of structural carbon of species in Physiology GrowthPSIM due to reserve limits. [species=ANGA]
there were 10 warning messages (43 total)
node 0: normal termination.
